frontend/android/app/build/intermediates/manifest_merge_blame_file/debug/manifest-merger-blame-debug-report.txt
1<?xml version="1.0" encoding="utf-8"?>
2<manifest xmlns:android="http://schemas.android.com/apk/res/android"
3    package="com.project"
4    android:versionCode="1"
5    android:versionName="1.0" >
6
7    <uses-sdk
8        android:minSdkVersion="23"
9        android:targetSdkVersion="29" />
10
11    <uses-permission android:name="android.permission.SYSTEM_ALERT_WINDOW" />
11-->src\debug\AndroidManifest.xml:5:5-77
11-->src\debug\AndroidManifest.xml:5:22-75
12    <uses-permission android:name="android.permission.INTERNET" />
12-->src\main\AndroidManifest.xml:4:5-67
12-->src\main\AndroidManifest.xml:4:22-64
13    <uses-permission android:name="android.permission.WRITE_EXTERNAL_STORAGE" />
13-->src\main\AndroidManifest.xml:5:5-81
13-->src\main\AndroidManifest.xml:5:22-78
14    <uses-permission android:name="android.permission.CAMERA" />
14-->src\main\AndroidManifest.xml:6:5-64
14-->src\main\AndroidManifest.xml:6:22-62
15    <uses-permission android:name="android.permission.ACCESS_NETWORK_STATE" />
15-->src\main\AndroidManifest.xml:7:5-79
15-->src\main\AndroidManifest.xml:7:22-76
16    <uses-permission android:name="android.permission.ACCESS_WIFI_STATE" /> <!-- Required to access Google Play Licensing -->
16-->[com.facebook.flipper:flipper:0.54.0] AndroidManifest.xml:16:5-76
16-->[com.facebook.flipper:flipper:0.54.0] AndroidManifest.xml:16:22-73
17    <uses-permission android:name="com.android.vending.CHECK_LICENSE" />
17-->[:rn-fetch-blob] AndroidManifest.xml:12:5-73
17-->[:rn-fetch-blob] AndroidManifest.xml:12:22-70
18    <!--
19         Required to keep CPU alive while downloading files
20        (NOT to keep screen awake)
21    -->
22    <uses-permission android:name="android.permission.WAKE_LOCK" />
22-->[:rn-fetch-blob] AndroidManifest.xml:21:5-68
22-->[:rn-fetch-blob] AndroidManifest.xml:21:22-65
23
24    <application
24-->src\main\AndroidManifest.xml:9:5-33:19
25        android:name="com.project.MainApplication"
25-->src\main\AndroidManifest.xml:10:7-38
26        android:allowBackup="false"
26-->src\main\AndroidManifest.xml:14:7-34
27        android:appComponentFactory="androidx.core.app.CoreComponentFactory"
27-->[androidx.core:core:1.3.1] AndroidManifest.xml:24:18-86
28        android:debuggable="true"
29        android:icon="@mipmap/ic_launcher"
29-->src\main\AndroidManifest.xml:12:7-41
30        android:label="@string/app_name"
30-->src\main\AndroidManifest.xml:11:7-39
31        android:roundIcon="@mipmap/ic_launcher_round"
31-->src\main\AndroidManifest.xml:13:7-52
32        android:testOnly="true"
33        android:theme="@style/AppTheme"
33-->src\main\AndroidManifest.xml:15:7-38
34        android:usesCleartextTraffic="true"
34-->src\main\AndroidManifest.xml:17:7-42
35        android:windowSoftInputMode="adjustResize" >
35-->src\main\AndroidManifest.xml:16:7-49
36        <activity
36-->src\main\AndroidManifest.xml:21:7-31:18
37            android:name="com.project.MainActivity"
37-->src\main\AndroidManifest.xml:22:9-37
38            android:configChanges="keyboard|keyboardHidden|orientation|screenSize|uiMode"
38-->src\main\AndroidManifest.xml:24:9-86
39            android:label="@string/app_name"
39-->src\main\AndroidManifest.xml:23:9-41
40            android:launchMode="singleTask"
40-->src\main\AndroidManifest.xml:25:9-40
41            android:windowSoftInputMode="adjustResize" >
41-->src\main\AndroidManifest.xml:26:9-51
42            <intent-filter>
42-->src\main\AndroidManifest.xml:27:9-30:25
43                <action android:name="android.intent.action.MAIN" />
43-->src\main\AndroidManifest.xml:28:13-65
43-->src\main\AndroidManifest.xml:28:21-62
44
45                <category android:name="android.intent.category.LAUNCHER" />
45-->src\main\AndroidManifest.xml:29:13-73
45-->src\main\AndroidManifest.xml:29:23-70
46            </intent-filter>
47        </activity>
48        <activity android:name="com.facebook.react.devsupport.DevSettingsActivity" />
48-->src\main\AndroidManifest.xml:32:7-84
48-->src\main\AndroidManifest.xml:32:17-81
49
50        <provider
50-->[:react-native-image-picker] AndroidManifest.xml:12:9-20:20
51            android:name="com.imagepicker.ImagePickerProvider"
51-->[:react-native-image-picker] AndroidManifest.xml:13:13-63
52            android:authorities="com.project.imagepickerprovider"
52-->[:react-native-image-picker] AndroidManifest.xml:14:13-71
53            android:exported="false"
53-->[:react-native-image-picker] AndroidManifest.xml:15:13-37
54            android:grantUriPermissions="true" >
54-->[:react-native-image-picker] AndroidManifest.xml:16:13-47
55            <meta-data
55-->[:react-native-image-picker] AndroidManifest.xml:17:13-19:70
56                android:name="android.support.FILE_PROVIDER_PATHS"
56-->[:react-native-image-picker] AndroidManifest.xml:18:17-67
57                android:resource="@xml/imagepicker_provider_paths" />
57-->[:react-native-image-picker] AndroidManifest.xml:19:17-67
58        </provider>
59        <provider
59-->[:rn-fetch-blob] AndroidManifest.xml:36:9-44:20
60            android:name="com.RNFetchBlob.Utils.FileProvider"
60-->[:rn-fetch-blob] AndroidManifest.xml:37:13-62
61            android:authorities="com.project.provider"
61-->[:rn-fetch-blob] AndroidManifest.xml:38:13-60
62            android:exported="false"
62-->[:rn-fetch-blob] AndroidManifest.xml:39:13-37
63            android:grantUriPermissions="true" >
63-->[:rn-fetch-blob] AndroidManifest.xml:40:13-47
64            <meta-data
64-->[:react-native-image-picker] AndroidManifest.xml:17:13-19:70
65                android:name="android.support.FILE_PROVIDER_PATHS"
65-->[:react-native-image-picker] AndroidManifest.xml:18:17-67
66                android:resource="@xml/provider_paths" />
66-->[:react-native-image-picker] AndroidManifest.xml:19:17-67
67        </provider>
68    </application>
69
70</manifest>